[0121/172145.706:INFO:CONSOLE:253] "
%cStop! font-family:helvetica; font-size:20px; font-size:50px; font-weight:bold; color:red; -webkit-text-stroke:1px black;", source: https://static.cdninstagram.com/rsrc.php/v4/y-/r/ARqZ0p7S31Z.js (253)
[0121/172145.706:INFO:CONSOLE:253] "
%cThis is a browser feature intended for developers. If someone told you to copy-paste something here to enable a Threads feature or "hack" someone's account, it is a scam and will give them access to your Threads account. font-family:helvetica; font-size:20px; ", source: https://static.cdninstagram.com/rsrc.php/v4/y-/r/ARqZ0p7S31Z.js (253)
[0121/172145.706:INFO:CONSOLE:253] "
%cSee https://www.facebook.com/selfxss for more information. font-family:helvetica; font-size:20px; ", source: https://static.cdninstagram.com/rsrc.php/v4/y-/r/ARqZ0p7S31Z.js (253)
[0121/172145.708:INFO:CONSOLE:253] "
%c ", source: https://static.cdninstagram.com/rsrc.php/v4/y-/r/ARqZ0p7S31Z.js (253)
[0121/172145.714:INFO:CONSOLE:0] "[GroupMarkerNotSet(crbug.com/242999)!:A80019006C5D0000]Automatic fallback to software WebGL has been deprecated. Please use the --enable-unsafe-swiftshader (about:flags#enable-unsafe-swiftshader) flag to opt in to lower security guarantees for trusted content.", source: https://www.threads.com/ (0)
[0121/172214.280:INFO:CONSOLE:77] "ErrorUtils caught an error:

Cannot find connection to invalidate after creating a new post

Subsequent non-fatal errors won't be logged; see https://fburl.com/debugjs. [object Object]", source: https://static.cdninstagram.com/rsrc.php/v4/y-/r/ARqZ0p7S31Z.js (77)
[0121/172218.319:INFO:CONSOLE:253] "
%cStop! font-family:helvetica; font-size:20px; font-size:50px; font-weight:bold; color:red; -webkit-text-stroke:1px black;", source: https://static.cdninstagram.com/rsrc.php/v4/y-/r/ARqZ0p7S31Z.js (253)
[0121/172218.319:INFO:CONSOLE:253] "
%cThis is a browser feature intended for developers. If someone told you to copy-paste something here to enable a Threads feature or "hack" someone's account, it is a scam and will give them access to your Threads account. font-family:helvetica; font-size:20px; ", source: https://static.cdninstagram.com/rsrc.php/v4/y-/r/ARqZ0p7S31Z.js (253)
[0121/172218.319:INFO:CONSOLE:253] "
%cSee https://www.facebook.com/selfxss for more information. font-family:helvetica; font-size:20px; ", source: https://static.cdninstagram.com/rsrc.php/v4/y-/r/ARqZ0p7S31Z.js (253)
[0121/172218.319:INFO:CONSOLE:253] "
%c ", source: https://static.cdninstagram.com/rsrc.php/v4/y-/r/ARqZ0p7S31Z.js (253)
[0121/172218.330:INFO:CONSOLE:0] "[GroupMarkerNotSet(crbug.com/242999)!:A80019006C5D0000]Automatic fallback to software WebGL has been deprecated. Please use the --enable-unsafe-swiftshader (about:flags#enable-unsafe-swiftshader) flag to opt in to lower security guarantees for trusted content.", source: https://www.threads.com/@trikbrock (0)
